settings_app/build/app/intermediates/manifest_merge_blame_file/debug/manifest-merger-blame-debug-report.txt
1<?xml version="1.0" encoding="utf-8"?>
2<manifest xmlns:android="http://schemas.android.com/apk/res/android"
3    package="com.example.settings_app"
4    android:versionCode="1"
5    android:versionName="1.0.0" >
6
7    <uses-sdk
8        android:minSdkVersion="21"
9        android:targetSdkVersion="33" />
10    <!--
11         The INTERNET permission is required for development. Specifically,
12         the Flutter tool needs it to communicate with the running application
13         to allow setting breakpoints, to provide hot reload, etc.
14    -->
15    <uses-permission android:name="android.permission.INTERNET" />
15-->src\main\AndroidManifest.xml:3:5-67
15-->src\main\AndroidManifest.xml:3:22-64
16    <uses-permission android:name="android.permission.CAMERA" />
16-->src\main\AndroidManifest.xml:4:5-65
16-->src\main\AndroidManifest.xml:4:22-62
17    <uses-permission android:name="android.permission.RECORD_AUDIO" />
17-->src\main\AndroidManifest.xml:5:5-71
17-->src\main\AndroidManifest.xml:5:22-68
18
19    <uses-feature android:name="android.hardware.camera" />
19-->src\main\AndroidManifest.xml:6:5-60
19-->src\main\AndroidManifest.xml:6:19-57
20    <uses-feature android:name="android.hardware.camera.autofocus" />
20-->src\main\AndroidManifest.xml:7:5-70
20-->src\main\AndroidManifest.xml:7:19-67
21
22    <uses-permission android:name="android.permission.FLASHLIGHT" />
22-->[:flutter_barcode_scanner] AndroidManifest.xml:13:5-69
22-->[:flutter_barcode_scanner] AndroidManifest.xml:13:22-66
23    <uses-permission android:name="android.permission.FOREGROUND_SERVICE" />
23-->[:assets_audio_player] AndroidManifest.xml:9:5-77
23-->[:assets_audio_player] AndroidManifest.xml:9:22-74
24    <uses-permission android:name="android.permission.VIBRATE" />
24-->[:assets_audio_player] AndroidManifest.xml:10:5-66
24-->[:assets_audio_player] AndroidManifest.xml:10:22-63
25    <uses-permission android:name="android.permission.WAKE_LOCK" />
25-->[:assets_audio_player] AndroidManifest.xml:11:5-68
25-->[:assets_audio_player] AndroidManifest.xml:11:22-65
26    <uses-permission android:name="android.permission.WRITE_EXTERNAL_STORAGE" />
27    <uses-permission android:name="android.permission.READ_PHONE_STATE" />
28    <uses-permission android:name="android.permission.READ_EXTERNAL_STORAGE" />
29    <uses-permission android:name="android.permission.ACCESS_NETWORK_STATE" />
29-->[com.google.android.exoplayer:exoplayer-core:2.18.7] AndroidManifest.xml:24:5-79
29-->[com.google.android.exoplayer:exoplayer-core:2.18.7] AndroidManifest.xml:24:22-76
30
31    <permission
31-->[androidx.core:core:1.10.1] AndroidManifest.xml:22:5-24:47
32        android:name="com.example.settings_app.DYNAMIC_RECEIVER_NOT_EXPORTED_PERMISSION"
32-->[androidx.core:core:1.10.1] AndroidManifest.xml:23:9-81
33        android:protectionLevel="signature" />
33-->[androidx.core:core:1.10.1] AndroidManifest.xml:24:9-44
34
35    <uses-permission android:name="com.example.settings_app.DYNAMIC_RECEIVER_NOT_EXPORTED_PERMISSION" />
35-->[androidx.core:core:1.10.1] AndroidManifest.xml:26:5-97
35-->[androidx.core:core:1.10.1] AndroidManifest.xml:26:22-94
36
37    <uses-feature
37-->[com.journeyapps:zxing-android-embedded:4.3.0] AndroidManifest.xml:28:5-30:36
38        android:name="android.hardware.camera.front"
38-->[com.journeyapps:zxing-android-embedded:4.3.0] AndroidManifest.xml:29:9-53
39        android:required="false" />
39-->[com.journeyapps:zxing-android-embedded:4.3.0] AndroidManifest.xml:30:9-33
40    <uses-feature
40-->[com.journeyapps:zxing-android-embedded:4.3.0] AndroidManifest.xml:36:5-38:36
41        android:name="android.hardware.camera.flash"
41-->[com.journeyapps:zxing-android-embedded:4.3.0] AndroidManifest.xml:37:9-53
42        android:required="false" />
42-->[com.journeyapps:zxing-android-embedded:4.3.0] AndroidManifest.xml:38:9-33
43    <uses-feature
43-->[com.journeyapps:zxing-android-embedded:4.3.0] AndroidManifest.xml:39:5-41:36
44        android:name="android.hardware.screen.landscape"
44-->[com.journeyapps:zxing-android-embedded:4.3.0] AndroidManifest.xml:40:9-57
45        android:required="false" />
45-->[com.journeyapps:zxing-android-embedded:4.3.0] AndroidManifest.xml:41:9-33
46    <uses-feature
46-->[com.journeyapps:zxing-android-embedded:4.3.0] AndroidManifest.xml:42:5-44:36
47        android:name="android.hardware.wifi"
47-->[com.journeyapps:zxing-android-embedded:4.3.0] AndroidManifest.xml:43:9-45
48        android:required="false" />
48-->[com.journeyapps:zxing-android-embedded:4.3.0] AndroidManifest.xml:44:9-33
49
50    <application
51        android:name="android.app.Application"
52        android:appComponentFactory="androidx.core.app.CoreComponentFactory"
52-->[androidx.core:core:1.10.1] AndroidManifest.xml:28:18-86
53        android:debuggable="true"
54        android:icon="@mipmap/ic_launcher"
55        android:label="settings_app"
56        android:largeHeap="true"
56-->[:flutter_barcode_scanner] AndroidManifest.xml:16:9-33
57        android:theme="@style/Theme.AppCompat.NoActionBar" >
57-->[:flutter_barcode_scanner] AndroidManifest.xml:17:9-59
58        <activity
59            android:name="com.example.settings_app.MainActivity"
60            android:configChanges="orientation|keyboardHidden|keyboard|screenSize|smallestScreenSize|locale|layoutDirection|fontScale|screenLayout|density|uiMode"
61            android:exported="true"
62            android:hardwareAccelerated="true"
63            android:launchMode="singleTop"
64            android:theme="@style/LaunchTheme"
65            android:windowSoftInputMode="adjustResize" >
66
67            <!--
68                 Specifies an Android theme to apply to this Activity as soon as
69                 the Android process has started. This theme is visible to the user
70                 while the Flutter UI initializes. After that, this theme continues
71                 to determine the Window background behind the Flutter UI.
72            -->
73            <meta-data
74                android:name="io.flutter.embedding.android.NormalTheme"
75                android:resource="@style/NormalTheme" />
76
77            <intent-filter>
78                <action android:name="android.intent.action.MAIN" />
79
80                <category android:name="android.intent.category.LAUNCHER" />
81            </intent-filter>
82        </activity>
83        <!--
84             Don't delete the meta-data below.
85             This is used by the Flutter tool to generate GeneratedPluginRegistrant.java
86        -->
87        <meta-data
88            android:name="flutterEmbedding"
89            android:value="2" />
90
91        <activity android:name="com.amolg.flutterbarcodescanner.BarcodeCaptureActivity" />
91-->[:flutter_barcode_scanner] AndroidManifest.xml:18:9-91
91-->[:flutter_barcode_scanner] AndroidManifest.xml:18:19-88
92
93        <provider
93-->[:image_picker_android] AndroidManifest.xml:10:9-18:20
94            android:name="io.flutter.plugins.imagepicker.ImagePickerFileProvider"
94-->[:image_picker_android] AndroidManifest.xml:11:13-82
95            android:authorities="com.example.settings_app.flutter.image_provider"
95-->[:image_picker_android] AndroidManifest.xml:12:13-74
96            android:exported="false"
96-->[:image_picker_android] AndroidManifest.xml:13:13-37
97            android:grantUriPermissions="true" >
97-->[:image_picker_android] AndroidManifest.xml:14:13-47
98            <meta-data
98-->[:image_picker_android] AndroidManifest.xml:15:13-17:75
99                android:name="android.support.FILE_PROVIDER_PATHS"
99-->[:image_picker_android] AndroidManifest.xml:16:17-67
100                android:resource="@xml/flutter_image_picker_file_paths" />
100-->[:image_picker_android] AndroidManifest.xml:17:17-72
101        </provider>
102
103        <activity
103-->[:url_launcher_android] AndroidManifest.xml:10:9-13:74
104            android:name="io.flutter.plugins.urllauncher.WebViewActivity"
104-->[:url_launcher_android] AndroidManifest.xml:11:13-74
105            android:exported="false"
105-->[:url_launcher_android] AndroidManifest.xml:12:13-37
106            android:theme="@android:style/Theme.NoTitleBar.Fullscreen" />
106-->[:url_launcher_android] AndroidManifest.xml:13:13-71
107
108        <receiver
108-->[:assets_audio_player] AndroidManifest.xml:14:9-20:20
109            android:name="com.github.florent37.assets_audio_player.notification.NotificationActionReceiver"
109-->[:assets_audio_player] AndroidManifest.xml:15:13-108
110            android:exported="true" >
110-->[:assets_audio_player] AndroidManifest.xml:16:13-36
111            <intent-filter>
111-->[:assets_audio_player] AndroidManifest.xml:17:13-19:29
112                <action android:name="android.intent.action.MEDIA_BUTTON" />
112-->[:assets_audio_player] AndroidManifest.xml:18:17-77
112-->[:assets_audio_player] AndroidManifest.xml:18:25-74
113            </intent-filter>
114        </receiver>
115        <receiver
115-->[:assets_audio_player] AndroidManifest.xml:21:9-27:20
116            android:name="com.github.florent37.assets_audio_player.notification.CustomMediaButtonReceiver"
116-->[:assets_audio_player] AndroidManifest.xml:22:13-107
117            android:exported="true" >
117-->[:assets_audio_player] AndroidManifest.xml:23:13-36
118            <intent-filter>
118-->[:assets_audio_player] AndroidManifest.xml:17:13-19:29
119                <action android:name="android.intent.action.MEDIA_BUTTON" />
119-->[:assets_audio_player] AndroidManifest.xml:18:17-77
119-->[:assets_audio_player] AndroidManifest.xml:18:25-74
120            </intent-filter>
121        </receiver>
122
123        <service
123-->[:assets_audio_player] AndroidManifest.xml:29:9-40:19
124            android:name="com.github.florent37.assets_audio_player.notification.NotificationService"
124-->[:assets_audio_player] AndroidManifest.xml:30:13-101
125            android:enabled="true"
125-->[:assets_audio_player] AndroidManifest.xml:31:13-35
126            android:exported="true"
126-->[:assets_audio_player] AndroidManifest.xml:32:13-36
127            android:foregroundServiceType="mediaPlayback" >
127-->[:assets_audio_player] AndroidManifest.xml:33:13-58
128            <intent-filter>
128-->[:assets_audio_player] AndroidManifest.xml:34:13-36:29
129                <action android:name="android.media.browse.MediaBrowserService" />
129-->[:assets_audio_player] AndroidManifest.xml:35:17-83
129-->[:assets_audio_player] AndroidManifest.xml:35:25-80
130            </intent-filter>
131            <intent-filter>
131-->[:assets_audio_player] AndroidManifest.xml:17:13-19:29
132                <action android:name="android.intent.action.MEDIA_BUTTON" />
132-->[:assets_audio_player] AndroidManifest.xml:18:17-77
132-->[:assets_audio_player] AndroidManifest.xml:18:25-74
133            </intent-filter>
134        </service>
135
136        <activity
136-->[com.google.android.gms:play-services-base:17.4.0] AndroidManifest.xml:23:9-26:75
137            android:name="com.google.android.gms.common.api.GoogleApiActivity"
137-->[com.google.android.gms:play-services-base:17.4.0] AndroidManifest.xml:24:13-79
138            android:exported="false"
138-->[com.google.android.gms:play-services-base:17.4.0] AndroidManifest.xml:25:13-37
139            android:theme="@android:style/Theme.Translucent.NoTitleBar" />
139-->[com.google.android.gms:play-services-base:17.4.0] AndroidManifest.xml:26:13-72
140
141        <meta-data
141-->[com.google.android.gms:play-services-basement:17.4.0] AndroidManifest.xml:23:9-25:69
142            android:name="com.google.android.gms.version"
142-->[com.google.android.gms:play-services-basement:17.4.0] AndroidManifest.xml:24:13-58
143            android:value="@integer/google_play_services_version" />
143-->[com.google.android.gms:play-services-basement:17.4.0] AndroidManifest.xml:25:13-66
144
145        <provider
145-->[androidx.emoji2:emoji2:1.0.0] AndroidManifest.xml:26:9-34:20
146            android:name="androidx.startup.InitializationProvider"
146-->[androidx.emoji2:emoji2:1.0.0] AndroidManifest.xml:27:13-67
147            android:authorities="com.example.settings_app.androidx-startup"
147-->[androidx.emoji2:emoji2:1.0.0] AndroidManifest.xml:28:13-68
148            android:exported="false" >
148-->[androidx.emoji2:emoji2:1.0.0] AndroidManifest.xml:29:13-37
149            <meta-data
149-->[androidx.emoji2:emoji2:1.0.0] AndroidManifest.xml:31:13-33:52
150                android:name="androidx.emoji2.text.EmojiCompatInitializer"
150-->[androidx.emoji2:emoji2:1.0.0] AndroidManifest.xml:32:17-75
151                android:value="androidx.startup" />
151-->[androidx.emoji2:emoji2:1.0.0] AndroidManifest.xml:33:17-49
152            <meta-data
152-->[androidx.lifecycle:lifecycle-process:2.6.1] AndroidManifest.xml:29:13-31:52
153                android:name="androidx.lifecycle.ProcessLifecycleInitializer"
153-->[androidx.lifecycle:lifecycle-process:2.6.1] AndroidManifest.xml:30:17-78
154                android:value="androidx.startup" />
154-->[androidx.lifecycle:lifecycle-process:2.6.1] AndroidManifest.xml:31:17-49
155            <meta-data
155-->[androidx.profileinstaller:profileinstaller:1.3.0] AndroidManifest.xml:29:13-31:52
156                android:name="androidx.profileinstaller.ProfileInstallerInitializer"
156-->[androidx.profileinstaller:profileinstaller:1.3.0] AndroidManifest.xml:30:17-85
157                android:value="androidx.startup" />
157-->[androidx.profileinstaller:profileinstaller:1.3.0] AndroidManifest.xml:31:17-49
158        </provider>
159
160        <uses-library
160-->[androidx.window:window:1.0.0-beta04] AndroidManifest.xml:25:9-27:40
161            android:name="androidx.window.extensions"
161-->[androidx.window:window:1.0.0-beta04] AndroidManifest.xml:26:13-54
162            android:required="false" />
162-->[androidx.window:window:1.0.0-beta04] AndroidManifest.xml:27:13-37
163        <uses-library
163-->[androidx.window:window:1.0.0-beta04] AndroidManifest.xml:28:9-30:40
164            android:name="androidx.window.sidecar"
164-->[androidx.window:window:1.0.0-beta04] AndroidManifest.xml:29:13-51
165            android:required="false" />
165-->[androidx.window:window:1.0.0-beta04] AndroidManifest.xml:30:13-37
166
167        <receiver
167-->[androidx.profileinstaller:profileinstaller:1.3.0] AndroidManifest.xml:34:9-52:20
168            android:name="androidx.profileinstaller.ProfileInstallReceiver"
168-->[androidx.profileinstaller:profileinstaller:1.3.0] AndroidManifest.xml:35:13-76
169            android:directBootAware="false"
169-->[androidx.profileinstaller:profileinstaller:1.3.0] AndroidManifest.xml:36:13-44
170            android:enabled="true"
170-->[androidx.profileinstaller:profileinstaller:1.3.0] AndroidManifest.xml:37:13-35
171            android:exported="true"
171-->[androidx.profileinstaller:profileinstaller:1.3.0] AndroidManifest.xml:38:13-36
172            android:permission="android.permission.DUMP" >
172-->[androidx.profileinstaller:profileinstaller:1.3.0] AndroidManifest.xml:39:13-57
173            <intent-filter>
173-->[androidx.profileinstaller:profileinstaller:1.3.0] AndroidManifest.xml:40:13-42:29
174                <action android:name="androidx.profileinstaller.action.INSTALL_PROFILE" />
174-->[androidx.profileinstaller:profileinstaller:1.3.0] AndroidManifest.xml:41:17-91
174-->[androidx.profileinstaller:profileinstaller:1.3.0] AndroidManifest.xml:41:25-88
175            </intent-filter>
176            <intent-filter>
176-->[androidx.profileinstaller:profileinstaller:1.3.0] AndroidManifest.xml:43:13-45:29
177                <action android:name="androidx.profileinstaller.action.SKIP_FILE" />
177-->[androidx.profileinstaller:profileinstaller:1.3.0] AndroidManifest.xml:44:17-85
177-->[androidx.profileinstaller:profileinstaller:1.3.0] AndroidManifest.xml:44:25-82
178            </intent-filter>
179            <intent-filter>
179-->[androidx.profileinstaller:profileinstaller:1.3.0] AndroidManifest.xml:46:13-48:29
180                <action android:name="androidx.profileinstaller.action.SAVE_PROFILE" />
180-->[androidx.profileinstaller:profileinstaller:1.3.0] AndroidManifest.xml:47:17-88
180-->[androidx.profileinstaller:profileinstaller:1.3.0] AndroidManifest.xml:47:25-85
181            </intent-filter>
182            <intent-filter>
182-->[androidx.profileinstaller:profileinstaller:1.3.0] AndroidManifest.xml:49:13-51:29
183                <action android:name="androidx.profileinstaller.action.BENCHMARK_OPERATION" />
183-->[androidx.profileinstaller:profileinstaller:1.3.0] AndroidManifest.xml:50:17-95
183-->[androidx.profileinstaller:profileinstaller:1.3.0] AndroidManifest.xml:50:25-92
184            </intent-filter>
185        </receiver>
186
187        <activity
187-->[com.journeyapps:zxing-android-embedded:4.3.0] AndroidManifest.xml:47:9-53:63
188            android:name="com.journeyapps.barcodescanner.CaptureActivity"
188-->[com.journeyapps:zxing-android-embedded:4.3.0] AndroidManifest.xml:48:13-74
189            android:clearTaskOnLaunch="true"
189-->[com.journeyapps:zxing-android-embedded:4.3.0] AndroidManifest.xml:49:13-45
190            android:screenOrientation="sensorLandscape"
190-->[com.journeyapps:zxing-android-embedded:4.3.0] AndroidManifest.xml:50:13-56
191            android:stateNotNeeded="true"
191-->[com.journeyapps:zxing-android-embedded:4.3.0] AndroidManifest.xml:51:13-42
192            android:theme="@style/zxing_CaptureTheme"
192-->[com.journeyapps:zxing-android-embedded:4.3.0] AndroidManifest.xml:52:13-54
193            android:windowSoftInputMode="stateAlwaysHidden" />
193-->[com.journeyapps:zxing-android-embedded:4.3.0] AndroidManifest.xml:53:13-60
194    </application>
195
196</manifest>